[0m21:46:52.624370 [debug] [MainThread]: Sending event: {'category': 'dbt', 'action': 'invocation', 'label': 'start', 'context': [<snowplow_tracker.self_describing_json.SelfDescribingJson object at 0x000002405706A990>, <snowplow_tracker.self_describing_json.SelfDescribingJson object at 0x0000024056F316D0>, <snowplow_tracker.self_describing_json.SelfDescribingJson object at 0x0000024056F33F20>]}


============================== 21:46:52.624370 | 290eca25-8d93-47d2-8cae-b5f505a9e51d ==============================
[0m21:46:52.624370 [info ] [MainThread]: Running with dbt=1.11.12
[0m21:46:52.624370 [debug] [MainThread]: running dbt with arguments {'static_parser': 'True', 'no_print': 'None', 'version_check': 'True', 'target_path': 'None', 'warn_error_options': 'WarnErrorOptionsV2(error=[], warn=[], silence=[])', 'printer_width': '80', 'write_json': 'True', 'introspect': 'True', 'log_cache_events': 'False', 'empty': 'None', 'cache_selected_only': 'False', 'log_format': 'default', 'debug': 'False', 'fail_fast': 'False', 'partial_parse': 'True', 'send_anonymous_usage_stats': 'True', 'quiet': 'False', 'warn_error': 'None', 'profiles_dir': 'C:\\Users\\ELCOT\\.dbt', 'indirect_selection': 'eager', 'use_colors': 'True', 'invocation_command': 'dbt init atmosync_dbt', 'use_experimental_parser': 'False', 'log_path': 'logs'}
[0m21:46:52.662654 [info ] [MainThread]: Creating dbt configuration folder at C:\Users\ELCOT\.dbt
[0m21:46:52.670889 [debug] [MainThread]: Starter project path: C:\Users\ELCOT\AppData\Local\Programs\Python\Python312\Lib\site-packages\dbt\include\starter_project
[0m21:46:52.690735 [info ] [MainThread]: 
Your new dbt project "atmosync_dbt" was created!

For more information on how to configure the profiles.yml file,
please consult the dbt documentation here:

  https://docs.getdbt.com/docs/configure-your-profile

One more thing:

Need help? Don't hesitate to reach out to us via GitHub issues or on Slack:

  https://community.getdbt.com/

Happy modeling!

[0m21:46:52.690735 [info ] [MainThread]: Setting up your profile.
[0m21:47:39.378551 [debug] [MainThread]: Snowflake adapter: Setting snowflake.connector to ERROR (file logging only)
[0m21:47:39.378551 [debug] [MainThread]: Snowflake adapter: Setting botocore to ERROR (file logging only)
[0m21:47:39.378551 [debug] [MainThread]: Snowflake adapter: Setting boto3 to ERROR (file logging only)
[0m21:50:40.243955 [info ] [MainThread]: Profile atmosync_dbt written to C:\Users\ELCOT\.dbt\profiles.yml using target's profile_template.yml and your supplied values. Run 'dbt debug' to validate the connection.
[0m21:50:40.252911 [debug] [MainThread]: Command `dbt init` succeeded at 21:50:40.252911 after 227.84 seconds
[0m21:50:40.252911 [debug] [MainThread]: Sending event: {'category': 'dbt', 'action': 'invocation', 'label': 'end', 'context': [<snowplow_tracker.self_describing_json.SelfDescribingJson object at 0x000002405972FE30>, <snowplow_tracker.self_describing_json.SelfDescribingJson object at 0x0000024059A2EF00>, <snowplow_tracker.self_describing_json.SelfDescribingJson object at 0x0000024056EB55E0>]}
[0m21:50:40.252911 [debug] [MainThread]: Flushing usage events
[0m21:50:42.564034 [debug] [MainThread]: An error was encountered while trying to flush usage events
[0m21:52:18.518613 [debug] [MainThread]: Sending event: {'category': 'dbt', 'action': 'invocation', 'label': 'start', 'context': [<snowplow_tracker.self_describing_json.SelfDescribingJson object at 0x0000018249506780>, <snowplow_tracker.self_describing_json.SelfDescribingJson object at 0x000001824B209F40>, <snowplow_tracker.self_describing_json.SelfDescribingJson object at 0x000001824B3655B0>]}


============================== 21:52:18.522438 | 01e2a5e4-1786-4f56-b6a2-b3ac29d9330c ==============================
[0m21:52:18.522438 [info ] [MainThread]: Running with dbt=1.11.12
[0m21:52:18.522438 [debug] [MainThread]: running dbt with arguments {'version_check': 'True', 'no_print': 'None', 'static_parser': 'True', 'target_path': 'None', 'warn_error_options': 'WarnErrorOptionsV2(error=[], warn=[], silence=[])', 'printer_width': '80', 'write_json': 'True', 'empty': 'None', 'log_cache_events': 'False', 'introspect': 'True', 'cache_selected_only': 'False', 'log_format': 'default', 'debug': 'False', 'fail_fast': 'False', 'partial_parse': 'True', 'send_anonymous_usage_stats': 'True', 'quiet': 'False', 'warn_error': 'None', 'profiles_dir': 'C:\\Users\\ELCOT\\.dbt', 'use_colors': 'True', 'invocation_command': 'dbt debug', 'indirect_selection': 'eager', 'use_experimental_parser': 'False', 'log_path': 'logs'}
[0m21:52:18.545221 [info ] [MainThread]: dbt version: 1.11.12
[0m21:52:18.548572 [info ] [MainThread]: python version: 3.12.10
[0m21:52:18.548572 [info ] [MainThread]: python path: C:\Users\ELCOT\AppData\Local\Programs\Python\Python312\python.exe
[0m21:52:18.548572 [info ] [MainThread]: os info: Windows-11-10.0.26200-SP0
[0m21:52:18.949659 [debug] [MainThread]: Snowflake adapter: Setting snowflake.connector to ERROR (file logging only)
[0m21:52:18.949659 [debug] [MainThread]: Snowflake adapter: Setting botocore to ERROR (file logging only)
[0m21:52:18.949659 [debug] [MainThread]: Snowflake adapter: Setting boto3 to ERROR (file logging only)
[0m21:52:19.023132 [debug] [MainThread]: Snowflake adapter: Replaced underscores (_) with hyphens (-) in Snowflake account name to form a valid account URL.
[0m21:52:19.023132 [info ] [MainThread]: Using profiles dir at C:\Users\ELCOT\.dbt
[0m21:52:19.023132 [info ] [MainThread]: Using profiles.yml file at C:\Users\ELCOT\.dbt\profiles.yml
[0m21:52:19.030951 [info ] [MainThread]: Using dbt_project.yml file at C:\Users\ELCOT\Downloads\simulator\dbt_project.yml
[0m21:52:19.032066 [info ] [MainThread]: adapter type: snowflake
[0m21:52:19.032636 [info ] [MainThread]: adapter version: 1.11.6
[0m21:52:19.032636 [info ] [MainThread]: Configuration:
[0m21:52:19.032636 [info ] [MainThread]:   profiles.yml file [[32mOK found and valid[0m]
[0m21:52:19.034631 [info ] [MainThread]:   dbt_project.yml file [[31mERROR not found[0m]
[0m21:52:19.034631 [info ] [MainThread]: Required dependencies:
[0m21:52:19.034631 [debug] [MainThread]: Executing "git --help"
[0m21:52:19.099988 [debug] [MainThread]: STDOUT: "b"usage: git [-v | --version] [-h | --help] [-C <path>] [-c <name>=<value>]\n           [--exec-path[=<path>]] [--html-path] [--man-path] [--info-path]\n           [-p | --paginate | -P | --no-pager] [--no-replace-objects] [--no-lazy-fetch]\n           [--no-optional-locks] [--no-advice] [--bare] [--git-dir=<path>]\n           [--work-tree=<path>] [--namespace=<name>] [--config-env=<name>=<envvar>]\n           <command> [<args>]\n\nThese are common Git commands used in various situations:\n\nstart a working area (see also: git help tutorial)\n   clone      Clone a repository into a new directory\n   init       Create an empty Git repository or reinitialize an existing one\n\nwork on the current change (see also: git help everyday)\n   add        Add file contents to the index\n   mv         Move or rename a file, a directory, or a symlink\n   restore    Restore working tree files\n   rm         Remove files from the working tree and from the index\n\nexamine the history and state (see also: git help revisions)\n   bisect     Use binary search to find the commit that introduced a bug\n   diff       Show changes between commits, commit and working tree, etc\n   grep       Print lines matching a pattern\n   log        Show commit logs\n   show       Show various types of objects\n   status     Show the working tree status\n\ngrow, mark and tweak your common history\n   backfill   Download missing objects in a partial clone\n   branch     List, create, or delete branches\n   commit     Record changes to the repository\n   history    EXPERIMENTAL: Rewrite history\n   merge      Join two or more development histories together\n   rebase     Reapply commits on top of another base tip\n   reset      Set `HEAD` or the index to a known state\n   switch     Switch branches\n   tag        Create, list, delete or verify tags\n\ncollaborate (see also: git help workflows)\n   fetch      Download objects and refs from another repository\n   pull       Fetch from and integrate with another repository or a local branch\n   push       Update remote refs along with associated objects\n\n'git help -a' and 'git help -g' list available subcommands and some\nconcept guides. See 'git help <command>' or 'git help <concept>'\nto read about a specific subcommand or concept.\nSee 'git help git' for an overview of the system.\n""
[0m21:52:19.099988 [debug] [MainThread]: STDERR: "b''"
[0m21:52:19.099988 [info ] [MainThread]:  - git [[32mOK found[0m]

[0m21:52:19.099988 [info ] [MainThread]: Connection:
[0m21:52:19.099988 [info ] [MainThread]:   account: TZBNHXF-QN62223
[0m21:52:19.099988 [info ] [MainThread]:   user: RADHIKA
[0m21:52:19.099988 [info ] [MainThread]:   database: ATMOSYNC_DB
[0m21:52:19.099988 [info ] [MainThread]:   warehouse: COMPUTE_WH
[0m21:52:19.099988 [info ] [MainThread]:   role: ACCOUNTADMIN
[0m21:52:19.099988 [info ] [MainThread]:   schema: PUBLIC
[0m21:52:19.099988 [info ] [MainThread]:   authenticator: None
[0m21:52:19.099988 [info ] [MainThread]:   oauth_client_id: None
[0m21:52:19.099988 [info ] [MainThread]:   query_tag: None
[0m21:52:19.099988 [info ] [MainThread]:   client_session_keep_alive: False
[0m21:52:19.099988 [info ] [MainThread]:   host: None
[0m21:52:19.099988 [info ] [MainThread]:   port: None
[0m21:52:19.099988 [info ] [MainThread]:   proxy_host: None
[0m21:52:19.099988 [info ] [MainThread]:   proxy_port: None
[0m21:52:19.099988 [info ] [MainThread]:   protocol: None
[0m21:52:19.099988 [info ] [MainThread]:   connect_retries: 1
[0m21:52:19.110979 [info ] [MainThread]:   connect_timeout: None
[0m21:52:19.110979 [info ] [MainThread]:   retry_on_database_errors: False
[0m21:52:19.110979 [info ] [MainThread]:   retry_all: False
[0m21:52:19.110979 [info ] [MainThread]:   insecure_mode: False
[0m21:52:19.110979 [info ] [MainThread]:   reuse_connections: True
[0m21:52:19.110979 [info ] [MainThread]:   s3_stage_vpce_dns_name: None
[0m21:52:19.114638 [info ] [MainThread]:   platform_detection_timeout_seconds: 0.0
[0m21:52:19.115476 [info ] [MainThread]: Registered adapter: snowflake=1.11.6
[0m21:52:19.478411 [debug] [MainThread]: Acquiring new snowflake connection 'debug'
[0m21:52:19.668506 [debug] [MainThread]: Using snowflake connection "debug"
[0m21:52:19.668506 [debug] [MainThread]: On debug: select 1 as id
[0m21:52:19.668506 [debug] [MainThread]: Opening a new connection, currently in state init
[0m21:52:21.629263 [debug] [MainThread]: SQL status: SUCCESS 1 in 1.959 seconds
[0m21:52:21.629263 [info ] [MainThread]:   Connection test: [[32mOK connection ok[0m]

[0m21:52:21.631374 [info ] [MainThread]: [31m1 check failed:[0m
[0m21:52:21.632388 [info ] [MainThread]: Project loading failed for the following reason:
 project path <C:\Users\ELCOT\Downloads\simulator\dbt_project.yml> not found

[0m21:52:21.635173 [debug] [MainThread]: Command `dbt debug` failed at 21:52:21.634492 after 3.36 seconds
[0m21:52:21.635764 [debug] [MainThread]: Connection 'debug' was left open.
[0m21:52:21.635764 [debug] [MainThread]: On debug: Close
[0m21:52:21.896447 [debug] [MainThread]: Sending event: {'category': 'dbt', 'action': 'invocation', 'label': 'end', 'context': [<snowplow_tracker.self_describing_json.SelfDescribingJson object at 0x000001824AA28BF0>, <snowplow_tracker.self_describing_json.SelfDescribingJson object at 0x000001824D751AC0>, <snowplow_tracker.self_describing_json.SelfDescribingJson object at 0x000001824D980320>]}
[0m21:52:21.912256 [debug] [MainThread]: Flushing usage events
[0m21:52:23.373283 [debug] [MainThread]: An error was encountered while trying to flush usage events
